<?xml version="1.0" encoding="UTF-8"?>
<!-- Generated by org.testng.reporters.JUnitXMLReporter -->
<testsuite ignored="0" hostname="thinkpad-e14" failures="0" tests="3" name="Default test" time="36.302" errors="0" timestamp="2025-06-18T14:09:24 IST">
  <testcase classname="com.BMP.qa.testcases.TC_01_LoginTest" name="loginWithCredentials" time="3.186"/>
  <testcase classname="com.BMP.qa.testcases.TC_01_LoginTest" name="loginWithCredentials" time="2.186"/>
  <testcase classname="com.BMP.qa.testcases.TC_01_LoginTest" name="loginWithCredentials" time="2.114"/>
</testsuite> <!-- Default test -->
