<?xml version="1.0" encoding="UTF-8"?>
<!-- Generated by org.testng.reporters.JUnitXMLReporter -->
<testsuite ignored="0" hostname="thinkpad-e14" failures="0" tests="3" name="Default test" time="13.956" errors="0" timestamp="2025-06-16T13:58:15 IST">
  <testcase classname="com.BMP.qa.testcases.TC_01_LoginTest" name="loginWithValidCredentials" time="0.525"/>
  <testcase classname="com.BMP.qa.testcases.TC_01_LoginTest" name="loginWithValidCredentials" time="0.454"/>
  <testcase classname="com.BMP.qa.testcases.TC_01_LoginTest" name="loginWithValidCredentials" time="0.446"/>
</testsuite> <!-- Default test -->
