<?xml version="1.0" encoding="UTF-8"?>
<!-- Generated by org.testng.reporters.JUnitXMLReporter -->
<testsuite ignored="0" hostname="thinkpad-e14" failures="0" tests="3" name="Test" time="23.651" errors="0" timestamp="2025-06-18T15:38:23 IST">
  <testcase classname="com.BMP.qa.testcases.TC_01_LoginTest" name="loginWithCredentials" time="2.814"/>
  <testcase classname="com.BMP.qa.testcases.TC_01_LoginTest" name="loginWithCredentials" time="2.132"/>
  <testcase classname="com.BMP.qa.testcases.TC_01_LoginTest" name="loginWithCredentials" time="1.763"/>
</testsuite> <!-- Test -->
