<?xml version="1.0" encoding="UTF-8"?>
<!-- Generated by org.testng.reporters.JUnitXMLReporter -->
<testsuite ignored="0" hostname="thinkpad-e14" failures="0" tests="4" name="Test" time="28.108" errors="0" timestamp="2025-06-18T18:27:35 IST">
  <testcase classname="com.BMP.qa.testcases.TC_01_LoginTest" name="loginWithCredentials" time="2.157"/>
  <testcase classname="com.BMP.qa.testcases.TC_01_LoginTest" name="loginWithCredentials" time="2.03"/>
  <testcase classname="com.BMP.qa.testcases.TC_01_LoginTest" name="loginWithCredentials" time="2.135"/>
  <testcase classname="com.BMP.qa.testcases.TC_02_AddCustomerTest" name="addNewCustomer" time="4.128"/>
</testsuite> <!-- Test -->
