<?xml version="1.0" encoding="UTF-8"?>
<testng-results ignored="0" total="3" passed="3" failed="0" skipped="0">
  <reporter-output>
  </reporter-output>
  <suite started-at="2025-06-16T14:30:50 IST" name="com.BMP.qa.testcases.TC_01_LoginTest" finished-at="2025-06-16T14:31:01 IST" duration-ms="10502">
    <groups>
    </groups>
    <test started-at="2025-06-16T14:30:50 IST" name="Command line test" finished-at="2025-06-16T14:31:01 IST" duration-ms="10502">
      <class name="com.BMP.qa.testcases.TC_01_LoginTest">
        <test-method is-config="true" signature="setUp()[pri:0, instance:com.BMP.qa.testcases.TC_01_LoginTest@6cc7b4de]" started-at="2025-06-16T14:30:51 IST" name="setUp" finished-at="2025-06-16T14:30:54 IST" duration-ms="3046" status="PASS">
          <reporter-output>
          </reporter-output>
        </test-method> <!-- setUp -->
        <test-method signature="loginWithValidCredentials(java.lang.String,java.lang.String)[pri:0, instance:com.BMP.qa.testcases.TC_01_LoginTest@6cc7b4de]" started-at="2025-06-16T14:30:54 IST" name="loginWithValidCredentials" data-provider="userCredentials" finished-at="2025-06-16T14:30:54 IST" duration-ms="538" status="PASS">
          <params>
            <param index="0">
              <value>
                <![CDATA[mngr625137]]>
              </value>
            </param>
            <param index="1">
              <value>
                <![CDATA[zYdAduj]]>
              </value>
            </param>
          </params>
          <reporter-output>
          </reporter-output>
        </test-method> <!-- loginWithValidCredentials -->
        <test-method is-config="true" signature="tearDown()[pri:0, instance:com.BMP.qa.testcases.TC_01_LoginTest@6cc7b4de]" started-at="2025-06-16T14:30:54 IST" name="tearDown" finished-at="2025-06-16T14:30:55 IST" duration-ms="143" status="PASS">
          <reporter-output>
          </reporter-output>
        </test-method> <!-- tearDown -->
        <test-method is-config="true" signature="setUp()[pri:0, instance:com.BMP.qa.testcases.TC_01_LoginTest@6cc7b4de]" started-at="2025-06-16T14:30:55 IST" name="setUp" finished-at="2025-06-16T14:30:57 IST" duration-ms="2418" status="PASS">
          <reporter-output>
          </reporter-output>
        </test-method> <!-- setUp -->
        <test-method signature="loginWithValidCredentials(java.lang.String,java.lang.String)[pri:0, instance:com.BMP.qa.testcases.TC_01_LoginTest@6cc7b4de]" started-at="2025-06-16T14:30:57 IST" name="loginWithValidCredentials" data-provider="userCredentials" finished-at="2025-06-16T14:30:58 IST" duration-ms="519" status="PASS">
          <params>
            <param index="0">
              <value>
                <![CDATA[aarti123]]>
              </value>
            </param>
            <param index="1">
              <value>
                <![CDATA[aarti123]]>
              </value>
            </param>
          </params>
          <reporter-output>
          </reporter-output>
        </test-method> <!-- loginWithValidCredentials -->
        <test-method is-config="true" signature="tearDown()[pri:0, instance:com.BMP.qa.testcases.TC_01_LoginTest@6cc7b4de]" started-at="2025-06-16T14:30:58 IST" name="tearDown" finished-at="2025-06-16T14:30:58 IST" duration-ms="156" status="PASS">
          <reporter-output>
          </reporter-output>
        </test-method> <!-- tearDown -->
        <test-method is-config="true" signature="setUp()[pri:0, instance:com.BMP.qa.testcases.TC_01_LoginTest@6cc7b4de]" started-at="2025-06-16T14:30:58 IST" name="setUp" finished-at="2025-06-16T14:31:00 IST" duration-ms="2478" status="PASS">
          <reporter-output>
          </reporter-output>
        </test-method> <!-- setUp -->
        <test-method signature="loginWithValidCredentials(java.lang.String,java.lang.String)[pri:0, instance:com.BMP.qa.testcases.TC_01_LoginTest@6cc7b4de]" started-at="2025-06-16T14:31:00 IST" name="loginWithValidCredentials" data-provider="userCredentials" finished-at="2025-06-16T14:31:01 IST" duration-ms="443" status="PASS">
          <params>
            <param index="0">
              <value>
                <![CDATA[aarti1234]]>
              </value>
            </param>
            <param index="1">
              <value>
                <![CDATA[aarti1234]]>
              </value>
            </param>
          </params>
          <reporter-output>
          </reporter-output>
        </test-method> <!-- loginWithValidCredentials -->
        <test-method is-config="true" signature="tearDown()[pri:0, instance:com.BMP.qa.testcases.TC_01_LoginTest@6cc7b4de]" started-at="2025-06-16T14:31:01 IST" name="tearDown" finished-at="2025-06-16T14:31:01 IST" duration-ms="94" status="PASS">
          <reporter-output>
          </reporter-output>
        </test-method> <!-- tearDown -->
      </class> <!-- com.BMP.qa.testcases.TC_01_LoginTest -->
    </test> <!-- Command line test -->
  </suite> <!-- com.BMP.qa.testcases.TC_01_LoginTest -->
</testng-results>
