<?xml version="1.0" encoding="UTF-8"?>
<testng-results ignored="0" total="4" passed="4" failed="0" skipped="0">
  <reporter-output>
  </reporter-output>
  <suite started-at="2025-06-18T18:27:06 IST" name="Suite" finished-at="2025-06-18T18:27:35 IST" duration-ms="28108">
    <groups>
    </groups>
    <test started-at="2025-06-18T18:27:06 IST" name="Test" finished-at="2025-06-18T18:27:35 IST" duration-ms="28108">
      <class name="com.BMP.qa.testcases.TC_02_AddCustomerTest">
        <test-method is-config="true" signature="setUp()[pri:0, instance:com.BMP.qa.testcases.TC_02_AddCustomerTest@5ab956d7]" started-at="2025-06-18T18:27:26 IST" name="setUp" finished-at="2025-06-18T18:27:30 IST" duration-ms="4347" status="PASS">
          <reporter-output>
          </reporter-output>
        </test-method> <!-- setUp -->
        <test-method signature="addNewCustomer()[pri:0, instance:com.BMP.qa.testcases.TC_02_AddCustomerTest@5ab956d7]" started-at="2025-06-18T18:27:30 IST" name="addNewCustomer" finished-at="2025-06-18T18:27:35 IST" duration-ms="4128" status="PASS">
          <reporter-output>
          </reporter-output>
        </test-method> <!-- addNewCustomer -->
        <test-method is-config="true" signature="tearDown()[pri:0, instance:com.BMP.qa.testcases.TC_02_AddCustomerTest@5ab956d7]" started-at="2025-06-18T18:27:35 IST" name="tearDown" finished-at="2025-06-18T18:27:35 IST" duration-ms="76" status="PASS">
          <reporter-output>
          </reporter-output>
        </test-method> <!-- tearDown -->
      </class> <!-- com.BMP.qa.testcases.TC_02_AddCustomerTest -->
      <class name="com.BMP.qa.testcases.TC_01_LoginTest">
        <test-method is-config="true" signature="setUp()[pri:0, instance:com.BMP.qa.testcases.TC_01_LoginTest@783a467b]" started-at="2025-06-18T18:27:08 IST" name="setUp" finished-at="2025-06-18T18:27:13 IST" duration-ms="5714" status="PASS">
          <reporter-output>
          </reporter-output>
        </test-method> <!-- setUp -->
        <test-method signature="loginWithCredentials(java.lang.String,java.lang.String)[pri:0, instance:com.BMP.qa.testcases.TC_01_LoginTest@783a467b]" started-at="2025-06-18T18:27:13 IST" name="loginWithCredentials" data-provider="userCredentials" finished-at="2025-06-18T18:27:15 IST" duration-ms="2157" status="PASS">
          <params>
            <param index="0">
              <value>
                <![CDATA[mngr625137]]>
              </value>
            </param>
            <param index="1">
              <value>
                <![CDATA[zYdAduj]]>
              </value>
            </param>
          </params>
          <reporter-output>
          </reporter-output>
        </test-method> <!-- loginWithCredentials -->
        <test-method is-config="true" signature="tearDown()[pri:0, instance:com.BMP.qa.testcases.TC_01_LoginTest@783a467b]" started-at="2025-06-18T18:27:15 IST" name="tearDown" finished-at="2025-06-18T18:27:16 IST" duration-ms="98" status="PASS">
          <reporter-output>
          </reporter-output>
        </test-method> <!-- tearDown -->
        <test-method is-config="true" signature="setUp()[pri:0, instance:com.BMP.qa.testcases.TC_01_LoginTest@783a467b]" started-at="2025-06-18T18:27:16 IST" name="setUp" finished-at="2025-06-18T18:27:20 IST" duration-ms="4320" status="PASS">
          <reporter-output>
          </reporter-output>
        </test-method> <!-- setUp -->
        <test-method signature="loginWithCredentials(java.lang.String,java.lang.String)[pri:0, instance:com.BMP.qa.testcases.TC_01_LoginTest@783a467b]" started-at="2025-06-18T18:27:20 IST" name="loginWithCredentials" data-provider="userCredentials" finished-at="2025-06-18T18:27:22 IST" duration-ms="2030" status="PASS">
          <params>
            <param index="0">
              <value>
                <![CDATA[aarti123]]>
              </value>
            </param>
            <param index="1">
              <value>
                <![CDATA[aarti123]]>
              </value>
            </param>
          </params>
          <reporter-output>
          </reporter-output>
        </test-method> <!-- loginWithCredentials -->
        <test-method is-config="true" signature="tearDown()[pri:0, instance:com.BMP.qa.testcases.TC_01_LoginTest@783a467b]" started-at="2025-06-18T18:27:22 IST" name="tearDown" finished-at="2025-06-18T18:27:22 IST" duration-ms="78" status="PASS">
          <reporter-output>
          </reporter-output>
        </test-method> <!-- tearDown -->
        <test-method is-config="true" signature="setUp()[pri:0, instance:com.BMP.qa.testcases.TC_01_LoginTest@783a467b]" started-at="2025-06-18T18:27:22 IST" name="setUp" finished-at="2025-06-18T18:27:24 IST" duration-ms="1849" status="PASS">
          <reporter-output>
          </reporter-output>
        </test-method> <!-- setUp -->
        <test-method signature="loginWithCredentials(java.lang.String,java.lang.String)[pri:0, instance:com.BMP.qa.testcases.TC_01_LoginTest@783a467b]" started-at="2025-06-18T18:27:24 IST" name="loginWithCredentials" data-provider="userCredentials" finished-at="2025-06-18T18:27:26 IST" duration-ms="2135" status="PASS">
          <params>
            <param index="0">
              <value>
                <![CDATA[aarti1234]]>
              </value>
            </param>
            <param index="1">
              <value>
                <![CDATA[aarti1234]]>
              </value>
            </param>
          </params>
          <reporter-output>
          </reporter-output>
        </test-method> <!-- loginWithCredentials -->
        <test-method is-config="true" signature="tearDown()[pri:0, instance:com.BMP.qa.testcases.TC_01_LoginTest@783a467b]" started-at="2025-06-18T18:27:26 IST" name="tearDown" finished-at="2025-06-18T18:27:26 IST" duration-ms="77" status="PASS">
          <reporter-output>
          </reporter-output>
        </test-method> <!-- tearDown -->
      </class> <!-- com.BMP.qa.testcases.TC_01_LoginTest -->
    </test> <!-- Test -->
  </suite> <!-- Suite -->
</testng-results>
