<?xml version="1.0" encoding="UTF-8"?>
<!-- Generated by org.testng.reporters.JUnitXMLReporter -->
<testsuite ignored="0" hostname="thinkpad-e14" failures="0" tests="3" name="Command line test" time="12.258" errors="0" timestamp="2025-06-16T14:33:57 IST">
  <testcase classname="com.BMP.qa.testcases.TC_01_LoginTest" name="loginWithValidCredentials" time="0.443"/>
  <testcase classname="com.BMP.qa.testcases.TC_01_LoginTest" name="loginWithValidCredentials" time="0.474"/>
  <testcase classname="com.BMP.qa.testcases.TC_01_LoginTest" name="loginWithValidCredentials" time="0.565"/>
</testsuite> <!-- Command line test -->
